<?xml version="1.0" encoding="UTF-8"?>
<testng-results skipped="0" failed="0" ignored="0" total="2" passed="2">
  <reporter-output>
  </reporter-output>
  <suite name="Suite" duration-ms="52320" started-at="2020-07-03T20:03:26 IST" finished-at="2020-07-03T20:04:18 IST">
    <groups>
    </groups>
    <test name="Test" duration-ms="52320" started-at="2020-07-03T20:03:26 IST" finished-at="2020-07-03T20:04:18 IST">
      <class name="Pages.HappyTripScheduleFlights">
        <test-method status="PASS" signature="setup()[pri:0, instance:Pages.HappyTripScheduleFlights@27a8c74e]" name="setup" is-config="true" duration-ms="149" started-at="2020-07-03T20:03:26 IST" finished-at="2020-07-03T20:03:26 IST">
          <reporter-output>
          </reporter-output>
        </test-method> <!-- setup -->
        <test-method status="PASS" signature="setupTest()[pri:0, instance:Pages.HappyTripScheduleFlights@27a8c74e]" name="setupTest" is-config="true" duration-ms="5119" started-at="2020-07-03T20:03:26 IST" finished-at="2020-07-03T20:03:31 IST">
          <reporter-output>
          </reporter-output>
        </test-method> <!-- setupTest -->
        <test-method status="PASS" signature="adminlogintest()[pri:0, instance:Pages.HappyTripScheduleFlights@27a8c74e]" name="adminlogintest" duration-ms="3732" started-at="2020-07-03T20:03:31 IST" finished-at="2020-07-03T20:03:35 IST">
          <reporter-output>
          </reporter-output>
        </test-method> <!-- adminlogintest -->
        <test-method status="PASS" signature="scheduleFlight()[pri:0, instance:Pages.HappyTripScheduleFlights@27a8c74e]" name="scheduleFlight" duration-ms="39268" started-at="2020-07-03T20:03:35 IST" description="This test is for testing schedule Flight" finished-at="2020-07-03T20:04:14 IST">
          <reporter-output>
          </reporter-output>
        </test-method> <!-- scheduleFlight -->
        <test-method status="PASS" signature="tearDownTest()[pri:0, instance:Pages.HappyTripScheduleFlights@27a8c74e]" name="tearDownTest" is-config="true" duration-ms="4146" started-at="2020-07-03T20:04:14 IST" finished-at="2020-07-03T20:04:18 IST">
          <reporter-output>
          </reporter-output>
        </test-method> <!-- tearDownTest -->
        <test-method status="PASS" signature="tearDown()[pri:0, instance:Pages.HappyTripScheduleFlights@27a8c74e]" name="tearDown" is-config="true" duration-ms="148" started-at="2020-07-03T20:04:18 IST" finished-at="2020-07-03T20:04:18 IST">
          <reporter-output>
          </reporter-output>
        </test-method> <!-- tearDown -->
      </class> <!-- Pages.HappyTripScheduleFlights -->
    </test> <!-- Test -->
  </suite> <!-- Suite -->
</testng-results>
